project/car_labeler/app/build/intermediates/manifest_merge_blame_file/release/manifest-merger-blame-release-report.txt
1<?xml version="1.0" encoding="utf-8"?>
2<manifest xmlns:android="http://schemas.android.com/apk/res/android"
3    package="com.google.mlkit.vision.demo"
4    android:installLocation="auto"
5    android:versionCode="11"
6    android:versionName="1.11" >
7    <!--
8 CameraX libraries require minSdkVersion 21, while this quickstart app
9    supports low to 16. Needs to use overrideLibrary to make the merger tool
10    ignore this conflict and import the libraries while keeping the app's lower
11    minSdkVersion value. In code, will check SDK version, before calling CameraX
12    APIs.
13    -->
14    <uses-sdk
14-->src\main\AndroidManifest.xml:12:5-15:63
15        android:minSdkVersion="16"
15-->src\main\AndroidManifest.xml:12:5-15:63
16        android:targetSdkVersion="30" />
16-->src\main\AndroidManifest.xml:12:5-15:63
17
18    <uses-feature android:name="android.hardware.camera" />
18-->src\main\AndroidManifest.xml:17:5-59
18-->src\main\AndroidManifest.xml:17:19-57
19
20    <uses-permission android:name="android.permission.INTERNET" />
20-->src\main\AndroidManifest.xml:19:5-66
20-->src\main\AndroidManifest.xml:19:22-64
21    <uses-permission android:name="android.permission.WRITE_EXTERNAL_STORAGE" />
21-->src\main\AndroidManifest.xml:20:5-80
21-->src\main\AndroidManifest.xml:20:22-78
22    <uses-permission android:name="android.permission.READ_EXTERNAL_STORAGE" />
22-->src\main\AndroidManifest.xml:21:5-79
22-->src\main\AndroidManifest.xml:21:22-77
23    <uses-permission android:name="android.permission.CAMERA" />
23-->src\main\AndroidManifest.xml:22:5-64
23-->src\main\AndroidManifest.xml:22:22-62
24
25    <queries>
25-->src\main\AndroidManifest.xml:66:5-70:15
26        <intent>
26-->src\main\AndroidManifest.xml:67:9-69:18
27            <action android:name="android.media.action.IMAGE_CAPTURE" />
27-->src\main\AndroidManifest.xml:68:13-73
27-->src\main\AndroidManifest.xml:68:21-70
28        </intent>
29    </queries>
30
31    <!-- Although the *SdkVersion is captured in gradle build files, this is required for non gradle builds -->
32    <!-- <uses-sdk android:minSdkVersion="14"/> -->
33    <uses-permission android:name="android.permission.ACCESS_NETWORK_STATE" />
33-->[com.google.android.datatransport:transport-backend-cct:2.3.3] AndroidManifest.xml:25:5-79
33-->[com.google.android.datatransport:transport-backend-cct:2.3.3] AndroidManifest.xml:25:22-76
34
35    <application
35-->src\main\AndroidManifest.xml:24:5-65:19
36        android:name="androidx.multidex.MultiDexApplication"
36-->src\main\AndroidManifest.xml:25:9-61
37        android:appComponentFactory="androidx.core.app.CoreComponentFactory"
37-->[androidx.core:core:1.3.1] AndroidManifest.xml:24:18-86
38        android:icon="@drawable/logo_mlkit"
38-->src\main\AndroidManifest.xml:26:9-44
39        android:label="@string/app_name"
39-->src\main\AndroidManifest.xml:27:9-41
40        android:theme="@style/Theme.AppCompat" >
40-->src\main\AndroidManifest.xml:28:9-47
41        <meta-data
41-->src\main\AndroidManifest.xml:30:9-32:68
42            android:name="com.google.android.gms.version"
42-->src\main\AndroidManifest.xml:31:13-58
43            android:value="@integer/google_play_services_version" />
43-->src\main\AndroidManifest.xml:32:13-66
44
45        <!--
46          Optional: Add it to automatically download ML model to device after
47          your app is installed.
48        -->
49        <meta-data
49-->src\main\AndroidManifest.xml:36:9-38:62
50            android:name="com.google.mlkit.vision.DEPENDENCIES"
50-->src\main\AndroidManifest.xml:37:13-64
51            android:value="barcode,face,ocr,ica,custom_ica" />
51-->src\main\AndroidManifest.xml:38:13-60
52
53        <activity
53-->src\main\AndroidManifest.xml:40:9-48:20
54            android:name="com.google.mlkit.vision.demo.EntryChoiceActivity"
54-->src\main\AndroidManifest.xml:41:13-48
55            android:exported="true"
55-->src\main\AndroidManifest.xml:42:13-36
56            android:theme="@style/AppTheme" >
56-->src\main\AndroidManifest.xml:43:13-44
57            <intent-filter>
57-->src\main\AndroidManifest.xml:44:13-47:29
58                <action android:name="android.intent.action.MAIN" />
58-->src\main\AndroidManifest.xml:45:17-68
58-->src\main\AndroidManifest.xml:45:25-66
59
60                <category android:name="android.intent.category.LAUNCHER" />
60-->src\main\AndroidManifest.xml:46:17-76
60-->src\main\AndroidManifest.xml:46:27-74
61            </intent-filter>
62        </activity>
63        <activity
63-->src\main\AndroidManifest.xml:50:9-53:20
64            android:name="com.google.mlkit.vision.demo.java.ChooserActivity"
64-->src\main\AndroidManifest.xml:51:13-49
65            android:exported="true" >
65-->src\main\AndroidManifest.xml:52:13-36
66        </activity>
67        <activity
67-->src\main\AndroidManifest.xml:55:9-59:20
68            android:name="com.google.mlkit.vision.demo.java.CameraXLivePreviewActivity"
68-->src\main\AndroidManifest.xml:56:13-60
69            android:exported="true"
69-->src\main\AndroidManifest.xml:57:13-36
70            android:theme="@style/AppTheme" >
70-->src\main\AndroidManifest.xml:58:13-44
71        </activity>
72        <activity
72-->src\main\AndroidManifest.xml:61:9-63:39
73            android:name="com.google.mlkit.vision.demo.preference.SettingsActivity"
73-->src\main\AndroidManifest.xml:62:13-56
74            android:exported="false" />
74-->src\main\AndroidManifest.xml:63:13-37
75
76        <service
76-->[com.google.mlkit:object-detection:16.2.7] AndroidManifest.xml:8:9-14:19
77            android:name="com.google.mlkit.common.internal.MlKitComponentDiscoveryService"
77-->[com.google.mlkit:object-detection:16.2.7] AndroidManifest.xml:9:13-91
78            android:directBootAware="true"
78-->[com.google.mlkit:common:17.4.0] AndroidManifest.xml:17:13-43
79            android:exported="false" >
79-->[com.google.mlkit:object-detection:16.2.7] AndroidManifest.xml:10:13-37
80            <meta-data
80-->[com.google.mlkit:object-detection:16.2.7] AndroidManifest.xml:11:13-13:85
81                android:name="com.google.firebase.components:com.google.mlkit.vision.objects.defaults.internal.DefaultObjectsRegistrar"
81-->[com.google.mlkit:object-detection:16.2.7] AndroidManifest.xml:12:17-136
82                android:value="com.google.firebase.components.ComponentRegistrar" />
82-->[com.google.mlkit:object-detection:16.2.7] AndroidManifest.xml:13:17-82
83            <meta-data
83-->[com.google.mlkit:object-detection-custom:16.3.3] AndroidManifest.xml:11:13-13:85
84                android:name="com.google.firebase.components:com.google.mlkit.vision.objects.custom.internal.CustomObjectsRegistrar"
84-->[com.google.mlkit:object-detection-custom:16.3.3] AndroidManifest.xml:12:17-133
85                android:value="com.google.firebase.components.ComponentRegistrar" />
85-->[com.google.mlkit:object-detection-custom:16.3.3] AndroidManifest.xml:13:17-82
86            <meta-data
86-->[com.google.mlkit:image-labeling:17.0.5] AndroidManifest.xml:11:13-13:85
87                android:name="com.google.firebase.components:com.google.mlkit.vision.label.defaults.internal.BundledLabelRegistrar"
87-->[com.google.mlkit:image-labeling:17.0.5] AndroidManifest.xml:12:17-132
88                android:value="com.google.firebase.components.ComponentRegistrar" />
88-->[com.google.mlkit:image-labeling:17.0.5] AndroidManifest.xml:13:17-82
89            <meta-data
89-->[com.google.mlkit:image-labeling-custom:16.3.1] AndroidManifest.xml:11:13-13:85
90                android:name="com.google.firebase.components:com.google.mlkit.vision.label.custom.internal.CustomLabelRegistrar"
90-->[com.google.mlkit:image-labeling-custom:16.3.1] AndroidManifest.xml:12:17-129
91                android:value="com.google.firebase.components.ComponentRegistrar" />
91-->[com.google.mlkit:image-labeling-custom:16.3.1] AndroidManifest.xml:13:17-82
92            <meta-data
92-->[com.google.mlkit:segmentation-selfie:16.0.0-beta2] AndroidManifest.xml:12:13-14:85
93                android:name="com.google.firebase.components:com.google.mlkit.vision.segmentation.internal.SegmentationRegistrar"
93-->[com.google.mlkit:segmentation-selfie:16.0.0-beta2] AndroidManifest.xml:13:17-130
94                android:value="com.google.firebase.components.ComponentRegistrar" />
94-->[com.google.mlkit:segmentation-selfie:16.0.0-beta2] AndroidManifest.xml:14:17-82
95            <meta-data
95-->[com.google.android.gms:play-services-mlkit-barcode-scanning:16.2.1] AndroidManifest.xml:12:13-14:85
96                android:name="com.google.firebase.components:com.google.mlkit.vision.barcode.internal.BarcodeRegistrar"
96-->[com.google.android.gms:play-services-mlkit-barcode-scanning:16.2.1] AndroidManifest.xml:13:17-120
97                android:value="com.google.firebase.components.ComponentRegistrar" />
97-->[com.google.android.gms:play-services-mlkit-barcode-scanning:16.2.1] AndroidManifest.xml:14:17-82
98            <meta-data
98-->[com.google.mlkit:vision-internal-vkp:18.2.0] AndroidManifest.xml:11:13-13:85
99                android:name="com.google.firebase.components:com.google.mlkit.vision.vkp.VkpRegistrar"
99-->[com.google.mlkit:vision-internal-vkp:18.2.0] AndroidManifest.xml:12:17-103
100                android:value="com.google.firebase.components.ComponentRegistrar" />
100-->[com.google.mlkit:vision-internal-vkp:18.2.0] AndroidManifest.xml:13:17-82
101            <meta-data
101-->[com.google.android.gms:play-services-mlkit-face-detection:16.2.0] AndroidManifest.xml:12:13-14:85
102                android:name="com.google.firebase.components:com.google.mlkit.vision.face.internal.FaceRegistrar"
102-->[com.google.android.gms:play-services-mlkit-face-detection:16.2.0] AndroidManifest.xml:13:17-114
103                android:value="com.google.firebase.components.ComponentRegistrar" />
103-->[com.google.android.gms:play-services-mlkit-face-detection:16.2.0] AndroidManifest.xml:14:17-82
104            <meta-data
104-->[com.google.android.gms:play-services-mlkit-text-recognition-common:16.0.0] AndroidManifest.xml:12:13-14:85
105                android:name="com.google.firebase.components:com.google.mlkit.vision.text.internal.TextRegistrar"
105-->[com.google.android.gms:play-services-mlkit-text-recognition-common:16.0.0] AndroidManifest.xml:13:17-114
106                android:value="com.google.firebase.components.ComponentRegistrar" />
106-->[com.google.android.gms:play-services-mlkit-text-recognition-common:16.0.0] AndroidManifest.xml:14:17-82
107            <meta-data
107-->[com.google.mlkit:pose-detection-common:17.1.0-beta5] AndroidManifest.xml:11:13-13:85
108                android:name="com.google.firebase.components:com.google.mlkit.vision.pose.internal.PoseRegistrar"
108-->[com.google.mlkit:pose-detection-common:17.1.0-beta5] AndroidManifest.xml:12:17-114
109                android:value="com.google.firebase.components.ComponentRegistrar" />
109-->[com.google.mlkit:pose-detection-common:17.1.0-beta5] AndroidManifest.xml:13:17-82
110            <meta-data
110-->[com.google.mlkit:vision-common:16.6.0] AndroidManifest.xml:12:13-14:85
111                android:name="com.google.firebase.components:com.google.mlkit.vision.common.internal.VisionCommonRegistrar"
111-->[com.google.mlkit:vision-common:16.6.0] AndroidManifest.xml:13:17-124
112                android:value="com.google.firebase.components.ComponentRegistrar" />
112-->[com.google.mlkit:vision-common:16.6.0] AndroidManifest.xml:14:17-82
113            <meta-data
113-->[com.google.mlkit:common:17.4.0] AndroidManifest.xml:20:13-22:85
114                android:name="com.google.firebase.components:com.google.mlkit.common.internal.CommonComponentRegistrar"
114-->[com.google.mlkit:common:17.4.0] AndroidManifest.xml:21:17-120
115                android:value="com.google.firebase.components.ComponentRegistrar" />
115-->[com.google.mlkit:common:17.4.0] AndroidManifest.xml:22:17-82
116        </service>
117
118        <provider
118-->[com.google.mlkit:common:17.4.0] AndroidManifest.xml:9:9-13:38
119            android:name="com.google.mlkit.common.internal.MlKitInitProvider"
119-->[com.google.mlkit:common:17.4.0] AndroidManifest.xml:10:13-78
120            android:authorities="com.google.mlkit.vision.demo.mlkitinitprovider"
120-->[com.google.mlkit:common:17.4.0] AndroidManifest.xml:11:13-69
121            android:exported="false"
121-->[com.google.mlkit:common:17.4.0] AndroidManifest.xml:12:13-37
122            android:initOrder="99" />
122-->[com.google.mlkit:common:17.4.0] AndroidManifest.xml:13:13-35
123
124        <activity
124-->[com.google.android.gms:play-services-base:17.6.0] AndroidManifest.xml:23:9-26:75
125            android:name="com.google.android.gms.common.api.GoogleApiActivity"
125-->[com.google.android.gms:play-services-base:17.6.0] AndroidManifest.xml:24:13-79
126            android:exported="false"
126-->[com.google.android.gms:play-services-base:17.6.0] AndroidManifest.xml:25:13-37
127            android:theme="@android:style/Theme.Translucent.NoTitleBar" />
127-->[com.google.android.gms:play-services-base:17.6.0] AndroidManifest.xml:26:13-72
128
129        <service
129-->[com.google.android.datatransport:transport-backend-cct:2.3.3] AndroidManifest.xml:29:9-35:19
130            android:name="com.google.android.datatransport.runtime.backends.TransportBackendDiscovery"
130-->[com.google.android.datatransport:transport-backend-cct:2.3.3] AndroidManifest.xml:30:13-103
131            android:exported="false" >
131-->[com.google.android.datatransport:transport-backend-cct:2.3.3] AndroidManifest.xml:31:13-37
132            <meta-data
132-->[com.google.android.datatransport:transport-backend-cct:2.3.3] AndroidManifest.xml:32:13-34:39
133                android:name="backend:com.google.android.datatransport.cct.CctBackendFactory"
133-->[com.google.android.datatransport:transport-backend-cct:2.3.3] AndroidManifest.xml:33:17-94
134                android:value="cct" />
134-->[com.google.android.datatransport:transport-backend-cct:2.3.3] AndroidManifest.xml:34:17-36
135        </service>
136        <service
136-->[com.google.android.datatransport:transport-runtime:2.2.6] AndroidManifest.xml:26:9-30:19
137            android:name="com.google.android.datatransport.runtime.scheduling.jobscheduling.JobInfoSchedulerService"
137-->[com.google.android.datatransport:transport-runtime:2.2.6] AndroidManifest.xml:27:13-117
138            android:exported="false"
138-->[com.google.android.datatransport:transport-runtime:2.2.6] AndroidManifest.xml:28:13-37
139            android:permission="android.permission.BIND_JOB_SERVICE" >
139-->[com.google.android.datatransport:transport-runtime:2.2.6] AndroidManifest.xml:29:13-69
140        </service>
141
142        <receiver
142-->[com.google.android.datatransport:transport-runtime:2.2.6] AndroidManifest.xml:32:9-34:40
143            android:name="com.google.android.datatransport.runtime.scheduling.jobscheduling.AlarmManagerSchedulerBroadcastReceiver"
143-->[com.google.android.datatransport:transport-runtime:2.2.6] AndroidManifest.xml:33:13-132
144            android:exported="false" />
144-->[com.google.android.datatransport:transport-runtime:2.2.6] AndroidManifest.xml:34:13-37
145
146        <provider
146-->[androidx.lifecycle:lifecycle-process:2.1.0] AndroidManifest.xml:23:9-27:43
147            android:name="androidx.lifecycle.ProcessLifecycleOwnerInitializer"
147-->[androidx.lifecycle:lifecycle-process:2.1.0] AndroidManifest.xml:24:13-79
148            android:authorities="com.google.mlkit.vision.demo.lifecycle-process"
148-->[androidx.lifecycle:lifecycle-process:2.1.0] AndroidManifest.xml:25:13-69
149            android:exported="false"
149-->[androidx.lifecycle:lifecycle-process:2.1.0] AndroidManifest.xml:26:13-37
150            android:multiprocess="true" />
150-->[androidx.lifecycle:lifecycle-process:2.1.0] AndroidManifest.xml:27:13-40
151    </application>
152
153</manifest>